2025-10-22 21:55:38,676 - INFO - Starting TSADCNN training
2025-10-22 21:55:38,676 - INFO - Config: {'model': {'input_dim': 4, 'encoder_hidden_dim': 128, 'encoder_output_dim': 64, 'projection_hidden_dim': 128, 'projection_output_dim': 64, 'temperature': 0.07, 'encoder_layers': 2, 'projection_layers': 2}, 'training': {'batch_size': 128, 'epochs': 1, 'learning_rate': 0.0003, 'weight_decay': 0.0001}, 'data': {'train_path': './data/train_data.npy', 'val_path': './data/test_data.npy', 'sequence_length': 10}, 'augmentation': {'noise_std': 0.1, 'dropout_prob': 0.1, 'time_shift_range': 2}, 'evaluation': {'k_neighbors': 5, 'distance_metric': 'cosine'}, 'hardware': {'use_gpu': False, 'num_workers': 0}, 'logging': {'log_dir': './logs', 'checkpoint_dir': './checkpoints'}}
2025-10-22 21:55:38,692 - INFO - Using device: cpu
2025-10-22 21:55:38,700 - INFO - Model created with 747744 parameters
2025-10-22 21:55:40,744 - INFO - Loaded 50000 track segments from ./data/train_data.npy
2025-10-22 21:55:40,751 - INFO - Loaded 5000 track segments from ./data/test_data.npy
2025-10-22 21:55:40,751 - INFO - Created data loaders: train=391, val=40
2025-10-22 21:55:40,753 - INFO - Epoch 1/1
2025-10-22 21:56:02,515 - INFO - Starting TSADCNN training
2025-10-22 21:56:02,515 - INFO - Config: {'model': {'input_dim': 4, 'encoder_hidden_dim': 128, 'encoder_output_dim': 64, 'projection_hidden_dim': 128, 'projection_output_dim': 64, 'temperature': 0.07, 'encoder_layers': 2, 'projection_layers': 2}, 'training': {'batch_size': 128, 'epochs': 1, 'learning_rate': 0.0003, 'weight_decay': 0.0001}, 'data': {'train_path': './data/train_data.npy', 'val_path': './data/test_data.npy', 'sequence_length': 10}, 'augmentation': {'noise_std': 0.1, 'dropout_prob': 0.1, 'time_shift_range': 2}, 'evaluation': {'k_neighbors': 5, 'distance_metric': 'cosine'}, 'hardware': {'use_gpu': False, 'num_workers': 0}, 'logging': {'log_dir': './logs', 'checkpoint_dir': './checkpoints'}, 'loss': {'temporal_weight': 0.5, 'spatial_weight': 0.5, 'margin': 0.2}}
2025-10-22 21:56:02,536 - INFO - Using device: cpu
2025-10-22 21:56:02,543 - INFO - Model created with 747744 parameters
2025-10-22 21:56:04,332 - INFO - Loaded 50000 track segments from ./data/train_data.npy
2025-10-22 21:56:04,340 - INFO - Loaded 5000 track segments from ./data/test_data.npy
2025-10-22 21:56:04,341 - INFO - Created data loaders: train=391, val=40
2025-10-22 21:56:04,341 - INFO - Epoch 1/1
2025-10-22 21:56:47,230 - INFO - Train - Loss: 1.2942, Temporal: 0.0443, Spatial: 0.0443
2025-10-22 21:56:47,231 - INFO - Val - Loss: 0.3022, Accuracy: 0.0910, Precision: 0.0000
2025-10-22 21:56:47,260 - INFO - Saved best checkpoint at epoch 0
2025-10-22 21:56:47,260 - INFO - Training completed!
2025-10-22 21:56:47,260 - INFO - Best validation accuracy: 0.0428
